[0mGET / [36m304 [0m34.274 ms - -[0m
[0mGET /layui/css/layui.css [36m304 [0m1.918 ms - -[0m
[0mGET /style.css [36m304 [0m1.184 ms - -[0m
[0mGET /css/home.css [36m304 [0m1.162 ms - -[0m
[0mGET /layui/layui.all.js [36m304 [0m0.354 ms - -[0m
[0mGET /js/lib/jquery-1.8.0.min.js [36m304 [0m0.416 ms - -[0m
[0mGET /js/lib/build/build.js [36m304 [0m0.368 ms - -[0m
[0mGET /js/utils.js [36m304 [0m0.583 ms - -[0m
[0mGET /js/moment.min.js [36m304 [0m0.642 ms - -[0m
[0mGET /js/home.js [36m304 [0m0.320 ms - -[0m
[0mGET /layui/css/modules/laydate/default/laydate.css?v=5.0.9 [36m304 [0m0.343 ms - -[0m
[0mGET /layui/css/modules/layer/default/layer.css?v=3.1.1 [36m304 [0m0.305 ms - -[0m
[0mGET /layui/css/modules/code.css [36m304 [0m0.310 ms - -[0m
[0mGET /layui/font/iconfont.woff2?v=256 [36m304 [0m0.423 ms - -[0m
[0mGET /layui/css/layui.css [36m304 [0m0.428 ms - -[0m
[0mGET /style.css [36m304 [0m0.481 ms - -[0m
[0mGET /layui/css/modules/laydate/default/laydate.css?v=5.0.9 [36m304 [0m0.404 ms - -[0m
[0mGET /layui/css/modules/layer/default/layer.css?v=3.1.1 [36m304 [0m0.377 ms - -[0m
[0mGET /css/home.css [36m304 [0m0.813 ms - -[0m
[0mGET /layui/css/modules/code.css [36m304 [0m0.818 ms - -[0m
[0mGET /login [36m304 [0m8.066 ms - -[0m
[0mGET /layui/css/layui.css [36m304 [0m0.720 ms - -[0m
[0mGET /style.css [36m304 [0m0.712 ms - -[0m
[0mGET /layui/layui.all.js [36m304 [0m0.535 ms - -[0m
[0mGET /js/lib/jquery-1.8.0.min.js [36m304 [0m0.463 ms - -[0m
[0mGET /js/lib/build/build.js [36m304 [0m0.847 ms - -[0m
[0mGET /js/utils.js [36m304 [0m0.725 ms - -[0m
[0mGET /js/moment.min.js [36m304 [0m0.393 ms - -[0m
[0mGET /js/home.js [36m304 [0m0.461 ms - -[0m
[0mGET /layui/css/modules/laydate/default/laydate.css?v=5.0.9 [36m304 [0m0.328 ms - -[0m
[0mGET /layui/css/modules/layer/default/layer.css?v=3.1.1 [36m304 [0m0.412 ms - -[0m
[0mGET /layui/css/modules/code.css [36m304 [0m0.395 ms - -[0m
[0mGET /img/bg.png [36m304 [0m0.412 ms - -[0m
[0mGET /login [36m304 [0m0.731 ms - -[0m
[0mGET /layui/css/layui.css [36m304 [0m0.314 ms - -[0m
[0mGET /style.css [36m304 [0m0.420 ms - -[0m
[0mGET /layui/layui.all.js [36m304 [0m0.606 ms - -[0m
[0mGET /js/lib/jquery-1.8.0.min.js [36m304 [0m0.338 ms - -[0m
[0mGET /js/lib/build/build.js [36m304 [0m0.652 ms - -[0m
[0mGET /js/utils.js [36m304 [0m0.392 ms - -[0m
[0mGET /js/moment.min.js [36m304 [0m1.318 ms - -[0m
[0mGET /js/home.js [36m304 [0m0.898 ms - -[0m
[0mGET /layui/css/modules/laydate/default/laydate.css?v=5.0.9 [36m304 [0m0.379 ms - -[0m
[0mGET /layui/css/modules/layer/default/layer.css?v=3.1.1 [36m304 [0m0.428 ms - -[0m
[0mGET /layui/css/modules/code.css [36m304 [0m0.331 ms - -[0m
[0mGET /img/bg.png [36m304 [0m0.350 ms - -[0m
